1EmpPatty;Hannigan;69;Sweden
3EmpKatheryn;Golborne;26;China
4EmpTillie;Apedaile;19;Venezuela
10EmpMellie;Purviss;46;Russia
12EmpMelanie;Secrett;33;United States
13EmpRenell;Millott;24;Sweden
14EmpLavinie;Harmson;24;Indonesia
15EmpAinsley;Larkins;49;Mozambique
18EmpLucretia;Belward;50;Russia
22EmpNicoli;Bransden;49;Indonesia
24EmpErmengarde;Morteo;63;Colombia
27EmpJuliette;Ivery;44;Malaysia
29EmpCatina;Suston;47;Argentina
31EmpCarlee;Pendock;41;Colombia
40EmpAida;Willavoys;65;Brazil
41EmpFlorette;Varian;45;Poland
43EmpEunice;Arpin;58;Philippines
45EmpWynne;Siveter;42;Russia
48EmpTova;Simonsen;44;United Kingdom
49EmpKira;Hauch;42;Kazakhstan
50EmpCarilyn;Meaton;62;Sweden
51EmpSabrina;Babar;28;Thailand
57EmpFelicle;McCooke;43;China
60EmpAlice;Mulholland;36;Somalia
62EmpElenore;Meaddowcroft;70;China
63EmpElene;Beckworth;36;Thailand
64EmpJacqui;Rizzardini;26;Sweden
65EmpDoralia;Kinane;68;Ivory Coast
68EmpWini;Bapty;24;Indonesia
69EmpAddie;Lecointe;34;Peru
72EmpWinny;Bickley;60;China
73EmpMitzi;Whymark;68;Philippines
74EmpBridie;Ilyunin;53;China
75EmpBenetta;Style;61;China
80EmpMaxie;Atton;47;Malaysia
81EmpGillan;Josiah;69;Japan
82EmpTyne;Bullier;55;Israel
83EmpLinea;Zamora;29;Brazil
85EmpShoshana;Cantrell;68;Ukraine
88EmpRee;Codron;22;Czech Republic
89EmpKaycee;Mancer;20;Indonesia
92EmpCarry;Minget;67;United States
94EmpAmalle;Bravey;30;China
96EmpKippie;Growy;49;Portugal
97EmpSaudra;Meletti;67;Greece
99EmpAilsun;Streather;53;China
100EmpBrigitte;Strete;36;China
101EmpCarena;Corah;33;Greece
102EmpKoralle;Phethean;51;United Arab Emirates
103EmpGladi;Meeking;55;China
104EmpCecily;Botten;38;Philippines
105EmpJosephina;Balasin;54;United States
106EmpDarda;Navan;23;Russia
109EmpJen;Dumelow;42;Malaysia
111EmpNolie;Gorton;20;Argentina
113EmpCatherine;Carding;59;France
116EmpValene;Deere;41;Philippines
120EmpCamel;Hughes;35;Brazil
122EmpJillana;Ollerhad;51;Indonesia
123EmpBunni;Axston;35;United States
128EmpRivi;Conaboy;27;Philippines
129EmpMargaux;Prinne;51;United States
133EmpKirstyn;Corkhill;68;Sweden
137EmpSheilakathryn;Juares;21;Syria
138EmpBryana;Rattenbury;41;Czech Republic
142EmpKylie;Hirschmann;61;China
144EmpDoloritas;Cancellor;31;Sweden
145EmpNicol;Albury;68;Indonesia
146EmpKinna;Mille;24;Colombia
150EmpBiddie;Jacob;60;China
151EmpEllen;Stephenson;22;Indonesia
154EmpNoni;Lamputt;32;Latvia
156EmpKarin;Gillebert;32;Ukraine
158EmpRosanna;Emmison;66;El Salvador
159EmpCinnamon;Merkle;47;Russia
160EmpEngracia;Kindread;42;Czech Republic
161EmpCrystie;Norwood;52;Philippines
163EmpNorrie;Keys;38;China
164EmpBillye;Franzewitch;68;Madagascar
173EmpTiffany;Prendergrass;26;China
175EmpMoyra;Harkus;26;Philippines
182EmpAnetta;Gutman;36;Paraguay
184EmpGlenna;De Carolis;54;Yemen
185EmpRochell;Earley;52;Sweden
187EmpHollyanne;Bute;60;Russia
188EmpKarrah;Curm;45;Indonesia
190EmpArlen;Latour;42;Greece
191EmpDorene;Vasyushkhin;44;Japan
192EmpCamilla;Castro;59;Philippines
193EmpCairistiona;Gait;50;China
194EmpClaudelle;Robberecht;51;China
195EmpDesiree;Matthesius;64;Portugal
196EmpSamantha;Girth;27;Colombia
200EmpKimberli;Denziloe;54;China
201EmpAdina;Shewan;49;Poland
204EmpIngunna;Duckels;22;China
210EmpSaba;Witling;24;Estonia
211EmpMarie;Sculpher;69;Indonesia
213EmpCassandra;Hauxley;69;Brazil
214EmpAuguste;Jorio;61;Sweden
215EmpLiesa;Hordell;49;France
216EmpJordan;Castellucci;45;Russia
219EmpLorrin;Breede;45;Philippines
222EmpCati;Fisbburne;19;Ukraine
224EmpCorrey;Portch;34;United States
225EmpShane;Denness;31;China
227EmpBetteann;Edgett;69;Bangladesh
229EmpLyn;Bridges;35;China
232EmpWanda;Peer;25;Panama
233EmpEmmalynne;Kaiser;68;Benin
234EmpMarta;Geistbeck;50;China
236EmpHalimeda;Ledekker;25;Indonesia
238EmpRebe;Crisell;53;Ivory Coast
240EmpSharon;Kirley;64;Finland
241EmpGerhardine;Pawellek;58;Ethiopia
243EmpDaveta;Keeting;55;Indonesia
244EmpAmandie;Le Sieur;35;Tunisia
248EmpShae;Macenzy;37;Serbia
250EmpCarlyn;Bold;51;China
252EmpRhoda;Clapson;20;Japan
254EmpEmelia;Wilfling;49;China
256EmpMathilda;Raunds;51;Niger
257EmpFelicle;Primarolo;40;Greece
258EmpClaudina;Stormouth;25;Indonesia
267EmpJanina;Nashe;43;China
268EmpAllis;Lodin;34;Russia
269EmpMia;Nasi;53;China
270EmpJacki;Joblin;59;Slovenia
272EmpValaree;Chatres;36;Portugal
273EmpNoelyn;Cicculi;43;Canada
274EmpCornela;Cuppleditch;62;China
276EmpTanhya;Foulser;52;Indonesia
278EmpJobi;McKinnon;25;Venezuela
281EmpMab;Colebrook;34;China
282EmpEmmalynne;Cheesley;66;Russia
284EmpLucia;Nyssen;65;China
285EmpWally;Moatt;56;Czech Republic
286EmpLanae;Otto;68;Indonesia
288EmpKylila;Hollerin;54;Zambia
289EmpJocelyn;Camois;31;Russia
290EmpMariellen;Humphrys;46;Colombia
291EmpPeta;Litchfield;20;China
292EmpFayth;Hughs;68;China
294EmpMadella;Hunston;50;South Africa
295EmpDominica;Justice;65;Russia
298EmpJeannie;Opdenorth;37;Argentina
300EmpLeonie;Reeves;55;Peru
302EmpRubia;Waumsley;41;Poland
303EmpMaurene;McCritchie;40;Nigeria
304EmpNerty;Jelfs;35;China
306EmpBarbe;Delahunt;61;Finland
311EmpKerry;Downer;48;China
312EmpSarette;Farquar;19;Canada
313EmpGusti;Roblou;38;Grenada
314EmpEmmalynne;Theobalds;37;China
316EmpEugenie;Trulock;23;Indonesia
317EmpLillis;Glendinning;59;Burkina Faso
318EmpGenovera;Roslen;43;China
319EmpJudie;Sibbit;55;Canada
320EmpPatti;Preddle;47;Myanmar
321EmpDavina;Cartmail;63;China
323EmpClaudelle;Fiddian;50;Indonesia
326EmpClaudina;Spens;20;China
328EmpEdy;Hitzmann;31;Sweden
330EmpRhodie;Figura;67;China
332EmpKrissy;Rioch;65;China
337EmpShina;Surguine;54;Russia
339EmpShawnee;Sandilands;32;Albania
341EmpCharmion;Blazey;19;Greece
342EmpPatrizia;Insall;29;Indonesia
346EmpAriella;Leacy;67;Indonesia
347EmpEstell;Dyble;53;Philippines
348EmpCate;Truckett;36;Indonesia
349EmpSalaidh;Burnside;38;Russia
350EmpRubetta;Glanester;32;France
351EmpDonia;Rawcliff;42;China
354EmpTracie;Arni;21;Iran
355EmpJerrie;Huett;42;Panama
356EmpPerla;Moline;70;Russia
357EmpTisha;Hathway;32;Russia
358EmpLanny;Bounde;18;Indonesia
359EmpTamar;Lincoln;30;Netherlands
362EmpAnnnora;Ferrara;43;Brazil
363EmpJori;Shelp;49;China
364EmpCinderella;Alenikov;68;Tajikistan
365EmpBab;Cracie;48;Brazil
370EmpMicheline;Ribchester;23;China
376EmpRoseline;Ellinor;25;China
378EmpPatrice;Wendover;32;Philippines
381EmpMae;Thornthwaite;28;Croatia
382EmpPooh;Turtle;38;Czech Republic
384EmpGabriela;Vickar;33;China
385EmpAnabelle;Salla;25;Mongolia
386EmpCecilia;Beckerleg;49;Tajikistan
388EmpJanaye;Banton;20;China
391EmpTorey;Heys;37;Kenya
392EmpEllene;Ganning;27;China
393EmpWally;Sexton;66;Turkmenistan
394EmpLydie;Willison;62;Greece
395EmpJuliann;Hampshaw;27;China
397EmpKrissy;Beldom;56;Indonesia
399EmpWillabella;Karpets;41;Lithuania
400EmpFranky;Mee;53;China
405EmpDee dee;Freen;54;Indonesia
409EmpShirl;Legon;62;Philippines
411EmpNatasha;Bracegirdle;25;Colombia
413EmpRoz;Rudwell;43;Afghanistan
414EmpIssi;Woolhouse;24;Indonesia
416EmpHinda;Ewing;22;Armenia
417EmpIsadora;Ogilvy;59;Colombia
422EmpLeila;Stihl;31;Portugal
425EmpViviana;Abdon;29;Poland
426EmpElana;Belz;29;Peru
427EmpNana;Jeenes;51;Namibia
429EmpKaylee;Goundry;53;China
433EmpLeigh;Busse;62;Czech Republic
434EmpBinnie;Idney;22;Brazil
440EmpRiki;Bouch;61;Greece
441EmpKarla;Larmet;30;Kazakhstan
443EmpMinerva;Cawsey;51;Japan
445EmpChristiana;Tye;66;Madagascar
447EmpAllsun;Huguet;28;China
449EmpCharmion;Archibold;32;Indonesia
450EmpConstancy;Camsey;69;Russia
452EmpEngracia;Hinrichs;18;Macedonia
453EmpJamie;Willard;69;Portugal
455EmpColeen;Stranieri;28;China
456EmpAdeline;Phillis;31;Brazil
459EmpPaulette;Moreno;34;Greece
461EmpHalimeda;Giocannoni;24;Philippines
462EmpJacquelyn;Cawsey;53;Indonesia
463EmpEmmalynn;Chandlar;57;China
467EmpAlisha;Luxmoore;52;China
468EmpAnnie;MacKibbon;58;Indonesia
469EmpRina;Tippings;37;Sweden
473EmpSusanna;Siemandl;44;South Africa
474EmpJanie;Sullens;21;Indonesia
480EmpLurline;Creggan;66;Thailand
483EmpConstancy;Tschirasche;48;Thailand
486EmpNoemi;Eakens;20;Ukraine
491EmpBrigit;Goodbar;52;Haiti
492EmpDorree;Maudson;53;Indonesia
495EmpBlondy;Dawtrey;64;United States
499EmpMarybelle;Heibl;70;Russia
500EmpStormi;Lilburn;60;Canada
1Sal4371
2Sal3108
3Sal4858
4Sal4256
5Sal3741
6Sal4086
7Sal4698
8Sal4487
9Sal2119
10Sal2159
11Sal4527
12Sal2886
13Sal2435
14Sal2996
15Sal4360
16Sal2799
17Sal3544
18Sal2841
19Sal2650
20Sal4697
21Sal4100
22Sal2729
23Sal2583
24Sal2276
25Sal3629
26Sal2253
27Sal4808
28Sal4591
29Sal3655
30Sal2627
31Sal3464
32Sal2767
33Sal4130
34Sal3326
35Sal2861
36Sal3460
37Sal4237
38Sal2411
39Sal4556
40Sal3192
41Sal4019
42Sal2319
43Sal4824
44Sal3365
45Sal3778
46Sal2088
47Sal3995
48Sal2770
49Sal2661
50Sal3548
51Sal2858
52Sal2545
53Sal2243
54Sal3564
55Sal4173
56Sal3683
57Sal2845
58Sal4863
59Sal2686
60Sal2608
61Sal3197
62Sal4585
63Sal4369
64Sal3813
65Sal3762
66Sal3442
67Sal2012
68Sal2430
69Sal3616
70Sal3349
71Sal4273
72Sal2653
73Sal3618
74Sal2879
75Sal3787
76Sal2827
77Sal2723
78Sal4995
79Sal2325
80Sal3062
81Sal3684
82Sal3780
83Sal4166
84Sal2522
85Sal4821
86Sal2748
87Sal4007
88Sal4279
89Sal2531
90Sal3589
91Sal3867
92Sal3661
93Sal2126
94Sal2922
95Sal4071
96Sal4364
97Sal4932
98Sal2365
99Sal4563
100Sal2728
101Sal3863
102Sal2806
103Sal2047
104Sal2783
105Sal2029
106Sal2186
107Sal4620
108Sal3146
109Sal3800
110Sal3075
111Sal4782
112Sal3837
113Sal3726
114Sal2618
115Sal2244
116Sal4415
117Sal2066
118Sal2317
119Sal3976
120Sal2530
121Sal2263
122Sal4922
123Sal3807
124Sal3602
125Sal2538
126Sal2351
127Sal2653
128Sal3255
129Sal4944
130Sal2171
131Sal4413
132Sal3457
133Sal4514
134Sal4581
135Sal2504
136Sal3000
137Sal3400
138Sal3431
139Sal2996
140Sal4210
141Sal4309
142Sal3275
143Sal4521
144Sal4372
145Sal2965
146Sal2197
147Sal3122
148Sal4104
149Sal3716
150Sal4940
151Sal4208
152Sal2942
153Sal2433
154Sal4593
155Sal4433
156Sal2813
157Sal3215
158Sal2614
159Sal4247
160Sal4432
161Sal2128
162Sal3744
163Sal3461
164Sal2360
165Sal2815
166Sal2249
167Sal3600
168Sal2600
169Sal4318
170Sal4125
171Sal3369
172Sal2669
173Sal4826
174Sal4592
175Sal4109
176Sal3228
177Sal4331
178Sal3853
179Sal3470
180Sal4383
181Sal3450
182Sal2544
183Sal4642
184Sal2015
185Sal3029
186Sal4519
187Sal2553
188Sal2182
189Sal4610
190Sal2180
191Sal3054
192Sal3778
193Sal2064
194Sal2101
195Sal4702
196Sal3594
197Sal3923
198Sal2854
199Sal2277
200Sal3905
201Sal2816
202Sal4276
203Sal4793
204Sal3984
205Sal4688
206Sal4907
207Sal2092
208Sal2638
209Sal3658
210Sal2644
211Sal4538
212Sal3311
213Sal2792
214Sal4729
215Sal4311
216Sal2762
217Sal2821
218Sal3772
219Sal3912
220Sal4755
221Sal3378
222Sal2899
223Sal2002
224Sal4081
225Sal4386
226Sal4563
227Sal2551
228Sal3414
229Sal2725
230Sal4040
231Sal4975
232Sal4797
233Sal2431
234Sal3132
235Sal4863
236Sal3032
237Sal2949
238Sal3884
239Sal3606
240Sal4504
241Sal4303
242Sal3452
243Sal3910
244Sal4569
245Sal3126
246Sal3593
247Sal3772
248Sal3954
249Sal3012
250Sal4141
251Sal4712
252Sal3037
253Sal3537
254Sal2435
255Sal4119
256Sal2369
257Sal2383
258Sal3485
259Sal4980
260Sal2532
261Sal3243
262Sal3291
263Sal3864
264Sal3660
265Sal3841
266Sal3135
267Sal2105
268Sal2301
269Sal2588
270Sal2152
271Sal3108
272Sal2082
273Sal4928
274Sal4248
275Sal3863
276Sal2470
277Sal3378
278Sal3076
279Sal4680
280Sal3593
281Sal2662
282Sal4056
283Sal2935
284Sal4563
285Sal3948
286Sal3999
287Sal3484
288Sal2982
289Sal4110
290Sal2759
291Sal3448
292Sal3131
293Sal3996
294Sal2560
295Sal4715
296Sal3605
297Sal2890
298Sal4384
299Sal3438
300Sal3097
301Sal2572
302Sal4350
303Sal4837
304Sal3654
305Sal3434
306Sal2825
307Sal2074
308Sal2114
309Sal2047
310Sal2441
311Sal4147
312Sal3760
313Sal2628
314Sal3206
315Sal3856
316Sal3083
317Sal4824
318Sal2301
319Sal2001
320Sal3159
321Sal3160
322Sal2555
323Sal4550
324Sal3983
325Sal4183
326Sal4733
327Sal3088
328Sal2031
329Sal2997
330Sal4565
331Sal3925
332Sal3682
333Sal3460
334Sal2021
335Sal3128
336Sal2812
337Sal4489
338Sal3438
339Sal3848
340Sal2399
341Sal3613
342Sal4071
343Sal3738
344Sal4003
345Sal3932
346Sal3169
347Sal4925
348Sal4531
349Sal2961
350Sal4625
351Sal2383
352Sal4861
353Sal4266
354Sal4862
355Sal3423
356Sal3007
357Sal2661
358Sal4460
359Sal3823
360Sal2504
361Sal4140
362Sal2959
363Sal4303
364Sal2072
365Sal4937
366Sal2949
367Sal4841
368Sal2434
369Sal3081
370Sal3494
371Sal2993
372Sal3599
373Sal2996
374Sal3202
375Sal3233
376Sal2505
377Sal4187
378Sal3911
379Sal3900
380Sal4289
381Sal2627
382Sal2888
383Sal2471
384Sal2628
385Sal2278
386Sal4025
387Sal4232
388Sal3508
389Sal2524
390Sal4066
391Sal2741
392Sal4861
393Sal3398
394Sal2605
395Sal2868
396Sal2827
397Sal3927
398Sal3021
399Sal4983
400Sal3847
401Sal4194
402Sal4144
403Sal4795
404Sal3233
405Sal4126
406Sal2616
407Sal3766
408Sal4175
409Sal4167
410Sal3559
411Sal4779
412Sal3854
413Sal2884
414Sal3395
415Sal4125
416Sal4417
417Sal4027
418Sal4119
419Sal2574
420Sal4702
421Sal4618
422Sal3067
423Sal4270
424Sal4480
425Sal3760
426Sal3382
427Sal3625
428Sal3882
429Sal3679
430Sal4746
431Sal4653
432Sal2764
433Sal3586
434Sal2661
435Sal2392
436Sal4426
437Sal2100
438Sal4060
439Sal4557
440Sal2276
441Sal4156
442Sal4624
443Sal2564
444Sal4857
445Sal3145
446Sal2047
447Sal3714
448Sal3944
449Sal4710
450Sal4976
451Sal2486
452Sal4612
453Sal2413
454Sal4939
455Sal3608
456Sal3797
457Sal4938
458Sal3695
459Sal2097
460Sal2016
461Sal4565
462Sal2058
463Sal2678
464Sal4131
465Sal4654
466Sal4815
467Sal2630
468Sal4461
469Sal3961
470Sal3323
471Sal2976
472Sal3475
473Sal4353
474Sal3891
475Sal2280
476Sal2913
477Sal4800
478Sal3290
479Sal2122
480Sal4411
481Sal3577
482Sal4246
483Sal3978
484Sal3823
485Sal2296
486Sal2282
487Sal2995
488Sal4881
489Sal3164
490Sal2913
491Sal4352
492Sal3467
493Sal2553
494Sal4111
495Sal4923
496Sal2254
497Sal2007
498Sal3999
499Sal2231
500Sal4978
501Sal3400
502Sal2234
503Sal4777
504Sal4917
505Sal4858
506Sal4526
507Sal3729
508Sal4218
509Sal4577
510Sal4059
511Sal2351
512Sal4782
513Sal3429
514Sal2830
515Sal4549
516Sal3347
517Sal2733
518Sal3917
519Sal2230
520Sal2674
521Sal3989
522Sal3577
523Sal3037
524Sal2392
525Sal4362
526Sal4211
527Sal2061
528Sal4674
529Sal3278
530Sal4306
531Sal3553
532Sal4983
533Sal3090
534Sal4059
535Sal3715
536Sal2964
537Sal4239
538Sal3386
539Sal4567
540Sal3087
541Sal3611
542Sal2510
543Sal3476
544Sal2498
545Sal4962
546Sal3873
547Sal2093
548Sal4993
549Sal4731
550Sal4545
551Sal4361
552Sal2777
553Sal4001
554Sal2337
555Sal2693
556Sal2020
557Sal4335
558Sal4292
559Sal4018
560Sal4365
561Sal3964
562Sal2456
563Sal4184
564Sal3513
565Sal4549
566Sal2035
567Sal4106
568Sal3843
569Sal2731
570Sal4186
571Sal2961
572Sal3334
573Sal4577
574Sal3401
575Sal4110
576Sal3473
577Sal4905
578Sal3005
579Sal4357
580Sal3339
581Sal3939
582Sal4504
583Sal3212
584Sal2813
585Sal3352
586Sal3018
587Sal3725
588Sal4493
589Sal4192
590Sal3474
591Sal4123
592Sal3235
593Sal2694
594Sal4989
595Sal4653
596Sal2541
597Sal3811
598Sal2940
599Sal2283
600Sal4939
601Sal3661
602Sal3129
603Sal3776
604Sal4413
605Sal4164
606Sal2795
607Sal2216
608Sal3830
609Sal4615
610Sal3094
611Sal4793
612Sal4812
613Sal3578
614Sal4768
615Sal2225
616Sal2122
617Sal4300
618Sal3937
619Sal3272
620Sal3609
621Sal4963
622Sal2152
623Sal3444
624Sal2254
625Sal3223
626Sal2082
627Sal4921
628Sal4918
629Sal2759
630Sal2310
631Sal3606
632Sal2746
633Sal3771
634Sal4815
635Sal2163
636Sal3369
637Sal2966
638Sal4674
639Sal4431
640Sal4305
641Sal2377
642Sal2311
643Sal2930
644Sal4353
645Sal2259
646Sal2236
647Sal4102
648Sal2202
649Sal2570
650Sal4671
651Sal4083
652Sal4712
653Sal2995
654Sal3156
655Sal3956
656Sal3553
657Sal3394
658Sal4942
659Sal2852
660Sal3780
661Sal4261
662Sal2666
663Sal3409
664Sal3488
665Sal3141
666Sal4459
667Sal2219
668Sal2321
669Sal4924
670Sal2721
671Sal2711
672Sal2150
673Sal4042
674Sal2329
675Sal4135
676Sal4423
677Sal2948
678Sal4115
679Sal4339
680Sal2436
681Sal4055
682Sal4180
683Sal3470
684Sal2452
685Sal2792
686Sal3069
687Sal3911
688Sal2017
689Sal4151
690Sal3748
691Sal2692
692Sal3063
693Sal2290
694Sal4573
695Sal2826
696Sal2599
697Sal2260
698Sal3208
699Sal2689
700Sal4492
701Sal4008
702Sal3201
703Sal4320
704Sal3366
705Sal3617
706Sal2553
707Sal3505
708Sal3476
709Sal3076
710Sal2249
711Sal3723
712Sal3241
713Sal4264
714Sal2329
715Sal2026
716Sal2422
717Sal2011
718Sal4225
719Sal2145
720Sal2020
721Sal4655
722Sal3385
723Sal4074
724Sal3814
725Sal3046
726Sal2126
727Sal3818
728Sal2354
729Sal2298
730Sal3826
731Sal2795
732Sal4240
733Sal2550
734Sal2648
735Sal2805
736Sal3613
737Sal4439
738Sal4176
739Sal4889
740Sal2187
741Sal4817
742Sal3767
743Sal2410
744Sal4635
745Sal3504
746Sal3958
747Sal2414
748Sal3454
749Sal2340
750Sal4525
751Sal2251
752Sal4823
753Sal2863
754Sal4049
755Sal3209
756Sal2152
757Sal4404
758Sal2171
759Sal2343
760Sal2616
761Sal3758
762Sal2862
763Sal3083
764Sal2092
765Sal2929
766Sal3283
767Sal3897
768Sal2669
769Sal2842
770Sal2696
771Sal2095
772Sal2964
773Sal2541
774Sal4514
775Sal3649
776Sal2063
777Sal3846
778Sal3799
779Sal4938
780Sal2157
781Sal3495
782Sal3980
783Sal3612
784Sal4923
785Sal2785
786Sal4088
787Sal2838
788Sal3253
789Sal2128
790Sal4251
791Sal2607
792Sal3900
793Sal3880
794Sal2043
795Sal3386
796Sal2136
797Sal4272
798Sal4657
799Sal2800
800Sal2189
801Sal2285
802Sal4117
803Sal4314
804Sal3348
805Sal3498
806Sal4949
807Sal4547
808Sal2422
809Sal3923
810Sal3177
811Sal3494
812Sal4827
813Sal2618
814Sal3712
815Sal4954
816Sal2340
817Sal4358
818Sal4887
819Sal3427
820Sal4066
821Sal2858
822Sal4845
823Sal3931
824Sal2527
825Sal4113
826Sal3609
827Sal4631
828Sal4562
829Sal3177
830Sal2371
831Sal2903
832Sal2252
833Sal2962
834Sal2760
835Sal2200
836Sal3591
837Sal2985
838Sal2794
839Sal3525
840Sal4845
841Sal4403
842Sal3590
843Sal2245
844Sal4769
845Sal3540
846Sal4318
847Sal2276
848Sal2512
849Sal2624
850Sal4414
851Sal4684
852Sal3585
853Sal2771
854Sal2625
855Sal2500
856Sal2456
857Sal3938
858Sal2610
859Sal3701
860Sal3994
861Sal3571
862Sal2158
863Sal2012
864Sal4484
865Sal3887
866Sal4874
867Sal3719
868Sal4200
869Sal4690
870Sal2047
871Sal2594
872Sal3690
873Sal3852
874Sal2806
875Sal4239
876Sal3043
877Sal3664
878Sal4630
879Sal4951
880Sal4494
881Sal2723
882Sal3447
883Sal4019
884Sal4350
885Sal3425
886Sal3684
887Sal2955
888Sal3968
889Sal2264
890Sal2279
891Sal3196
892Sal3066
893Sal3371
894Sal2885
895Sal2518
896Sal4956
897Sal2152
898Sal4847
899Sal3134
900Sal2461
901Sal3292
902Sal3385
903Sal4877
904Sal2138
905Sal2688
906Sal2640
907Sal4255
908Sal3794
909Sal4772
910Sal4514
911Sal2431
912Sal2636
913Sal3701
914Sal4194
915Sal2450
916Sal3326
917Sal2362
918Sal3066
919Sal2306
920Sal2549
921Sal4448
922Sal4393
923Sal3372
924Sal3293
925Sal4844
926Sal4442
927Sal2838
928Sal4624
929Sal3875
930Sal3704
931Sal3396
932Sal2610
933Sal3142
934Sal3268
935Sal3058
936Sal4083
937Sal3301
938Sal4990
939Sal2580
940Sal4677
941Sal3886
942Sal3971
943Sal3103
944Sal3036
945Sal4466
946Sal3156
947Sal3880
948Sal2778
949Sal3289
950Sal4216
951Sal4308
952Sal3760
953Sal3905
954Sal3150
955Sal4219
956Sal3603
957Sal4730
958Sal2900
959Sal4095
960Sal4408
961Sal2077
962Sal2449
963Sal2652
964Sal3844
965Sal3084
966Sal4373
967Sal3037
968Sal4169
969Sal3484
970Sal3636
971Sal4357
972Sal2183
973Sal4944
974Sal3699
975Sal4964
976Sal2655
977Sal2728
978Sal4956
979Sal2943
980Sal4572
981Sal4025
982Sal3107
983Sal3829
984Sal3846
985Sal3716
986Sal3122
987Sal3173
988Sal4113
989Sal2764
990Sal2524
991Sal4883
992Sal2130
993Sal3966
994Sal2722
995Sal3868
996Sal4020
997Sal3287
998Sal3243
999Sal4851
1000Sal4923
